{"name": "test_get_create", "status": "failed", "statusDetails": {"message": "AssertionError: assert 200 == 300", "trace": "self = <ai_yuqing.test_AIyuqing.TestCorpTap object at 0x000002BD4D7FBCD0>\n\n    def test_get_create(self):\n        r = self.yuqing.create()\n>       assert r.status_code == 300\nE       assert 200 == 300\n\ntest_AIyuqing.py:30: AssertionError"}, "start": 1637498434457, "stop": 1637498434556, "uuid": "8efb366d-ffbe-4ef4-96a4-4629592d8f03", "historyId": "126544afbdabe71806e65dbb95ccdba8", "testCaseId": "6c85697af65349b186e836b4d6a74711", "fullName": "test_AIyuqing.TestCorpTap#test_get_create", "labels": [{"name": "suite", "value": "test_AIyuqing"}, {"name": "subSuite", "value": "TestCorpTap"}, {"name": "host", "value": "mars"}, {"name": "thread", "value": "11944-MainThread"}, {"name": "framework", "value": "pytest"}, {"name": "language", "value": "cpython3"}, {"name": "package", "value": "test_AIyuqing"}]}