{"name": "test_get_create", "status": "failed", "statusDetails": {"message": "AssertionError: assert 200 == 300", "trace": "self = <ai_yuqing.test_AIyuqing.TestCorpTap object at 0x000002B367E98730>\n\n    def test_get_create(self):\n        r = self.yuqing.create()\n>       assert r.status_code == 300\nE       assert 200 == 300\n\ntest_AIyuqing.py:30: AssertionError"}, "start": 1637498630760, "stop": 1637498630859, "uuid": "956f8b02-5c5d-427d-a060-33d811587e4d", "historyId": "126544afbdabe71806e65dbb95ccdba8", "testCaseId": "6c85697af65349b186e836b4d6a74711", "fullName": "test_AIyuqing.TestCorpTap#test_get_create", "labels": [{"name": "suite", "value": "test_AIyuqing"}, {"name": "subSuite", "value": "TestCorpTap"}, {"name": "host", "value": "mars"}, {"name": "thread", "value": "5408-MainThread"}, {"name": "framework", "value": "pytest"}, {"name": "language", "value": "cpython3"}, {"name": "package", "value": "test_AIyuqing"}]}